{"/work/aio/DotBot/PyDotBot/dotbot/pin_code_ui/src/PinCode.js": {"path":"/work/aio/DotBot/PyDotBot/dotbot/pin_code_ui/src/PinCode.js","statementMap":{"0":{"start":{"line":8,"column":21},"end":{"line":8,"column":83}},"1":{"start":{"line":10,"column":32},"end":{"line":15,"column":1}},"2":{"start":{"line":17,"column":24},"end":{"line":21,"column":1}},"3":{"start":{"line":18,"column":2},"end":{"line":20,"column":26}},"4":{"start":{"line":20,"column":16},"end":{"line":20,"column":24}},"5":{"start":{"line":23,"column":23},"end":{"line":27,"column":1}},"6":{"start":{"line":24,"column":2},"end":{"line":26,"column":26}},"7":{"start":{"line":26,"column":16},"end":{"line":26,"column":24}},"8":{"start":{"line":29,"column":16},"end":{"line":33,"column":1}},"9":{"start":{"line":30,"column":2},"end":{"line":32,"column":61}},"10":{"start":{"line":35,"column":23},"end":{"line":93,"column":1}},"11":{"start":{"line":36,"column":34},"end":{"line":36,"column":44}},"12":{"start":{"line":37,"column":32},"end":{"line":37,"column":42}},"13":{"start":{"line":39,"column":23},"end":{"line":45,"column":3}},"14":{"start":{"line":40,"column":17},"end":{"line":40,"column":75}},"15":{"start":{"line":40,"column":56},"end":{"line":40,"column":74}},"16":{"start":{"line":41,"column":4},"end":{"line":43,"column":5}},"17":{"start":{"line":42,"column":6},"end":{"line":42,"column":27}},"18":{"start":{"line":47,"column":22},"end":{"line":55,"column":3}},"19":{"start":{"line":48,"column":17},"end":{"line":48,"column":74}},"20":{"start":{"line":48,"column":55},"end":{"line":48,"column":73}},"21":{"start":{"line":49,"column":4},"end":{"line":53,"column":5}},"22":{"start":{"line":50,"column":19},"end":{"line":50,"column":34}},"23":{"start":{"line":51,"column":20},"end":{"line":51,"column":91}},"24":{"start":{"line":52,"column":6},"end":{"line":52,"column":25}},"25":{"start":{"line":57,"column":19},"end":{"line":61,"column":3}},"26":{"start":{"line":58,"column":4},"end":{"line":58,"column":36}},"27":{"start":{"line":59,"column":4},"end":{"line":59,"column":19}},"28":{"start":{"line":60,"column":4},"end":{"line":60,"column":18}},"29":{"start":{"line":63,"column":22},"end":{"line":70,"column":3}},"30":{"start":{"line":64,"column":4},"end":{"line":64,"column":37}},"31":{"start":{"line":65,"column":20},"end":{"line":65,"column":42}},"32":{"start":{"line":66,"column":4},"end":{"line":69,"column":5}},"33":{"start":{"line":67,"column":6},"end":{"line":67,"column":35}},"34":{"start":{"line":68,"column":6},"end":{"line":68,"column":20}},"35":{"start":{"line":72,"column":2},"end":{"line":77,"column":5}},"36":{"start":{"line":73,"column":18},"end":{"line":73,"column":28}},"37":{"start":{"line":74,"column":19},"end":{"line":74,"column":50}},"38":{"start":{"line":75,"column":26},"end":{"line":75,"column":44}},"39":{"start":{"line":76,"column":32},"end":{"line":76,"column":36}},"40":{"start":{"line":79,"column":2},"end":{"line":92,"column":4}}},"fnMap":{"0":{"name":"(anonymous_0)","decl":{"start":{"line":17,"column":24},"end":{"line":17,"column":25}},"loc":{"start":{"line":17,"column":36},"end":{"line":21,"column":1}},"line":17},"1":{"name":"(anonymous_1)","decl":{"start":{"line":20,"column":9},"end":{"line":20,"column":10}},"loc":{"start":{"line":20,"column":16},"end":{"line":20,"column":24}},"line":20},"2":{"name":"(anonymous_2)","decl":{"start":{"line":23,"column":23},"end":{"line":23,"column":24}},"loc":{"start":{"line":23,"column":35},"end":{"line":27,"column":1}},"line":23},"3":{"name":"(anonymous_3)","decl":{"start":{"line":26,"column":9},"end":{"line":26,"column":10}},"loc":{"start":{"line":26,"column":16},"end":{"line":26,"column":24}},"line":26},"4":{"name":"(anonymous_4)","decl":{"start":{"line":29,"column":16},"end":{"line":29,"column":17}},"loc":{"start":{"line":29,"column":50},"end":{"line":33,"column":1}},"line":29},"5":{"name":"(anonymous_5)","decl":{"start":{"line":35,"column":23},"end":{"line":35,"column":24}},"loc":{"start":{"line":35,"column":29},"end":{"line":93,"column":1}},"line":35},"6":{"name":"(anonymous_6)","decl":{"start":{"line":39,"column":35},"end":{"line":39,"column":36}},"loc":{"start":{"line":39,"column":47},"end":{"line":44,"column":3}},"line":39},"7":{"name":"(anonymous_7)","decl":{"start":{"line":40,"column":47},"end":{"line":40,"column":48}},"loc":{"start":{"line":40,"column":56},"end":{"line":40,"column":74}},"line":40},"8":{"name":"(anonymous_8)","decl":{"start":{"line":47,"column":34},"end":{"line":47,"column":35}},"loc":{"start":{"line":47,"column":46},"end":{"line":54,"column":3}},"line":47},"9":{"name":"(anonymous_9)","decl":{"start":{"line":48,"column":46},"end":{"line":48,"column":47}},"loc":{"start":{"line":48,"column":55},"end":{"line":48,"column":73}},"line":48},"10":{"name":"(anonymous_10)","decl":{"start":{"line":57,"column":19},"end":{"line":57,"column":20}},"loc":{"start":{"line":57,"column":25},"end":{"line":61,"column":3}},"line":57},"11":{"name":"(anonymous_11)","decl":{"start":{"line":63,"column":22},"end":{"line":63,"column":23}},"loc":{"start":{"line":63,"column":33},"end":{"line":70,"column":3}},"line":63},"12":{"name":"(anonymous_12)","decl":{"start":{"line":73,"column":12},"end":{"line":73,"column":13}},"loc":{"start":{"line":73,"column":18},"end":{"line":73,"column":28}},"line":73},"13":{"name":"(anonymous_13)","decl":{"start":{"line":74,"column":13},"end":{"line":74,"column":14}},"loc":{"start":{"line":74,"column":19},"end":{"line":74,"column":50}},"line":74},"14":{"name":"(anonymous_14)","decl":{"start":{"line":75,"column":15},"end":{"line":75,"column":16}},"loc":{"start":{"line":75,"column":26},"end":{"line":75,"column":44}},"line":75},"15":{"name":"(anonymous_15)","decl":{"start":{"line":76,"column":21},"end":{"line":76,"column":22}},"loc":{"start":{"line":76,"column":32},"end":{"line":76,"column":36}},"line":76}},"branchMap":{"0":{"loc":{"start":{"line":30,"column":9},"end":{"line":32,"column":61}},"type":"cond-expr","locations":[{"start":{"line":31,"column":6},"end":{"line":31,"column":21}},{"start":{"line":32,"column":6},"end":{"line":32,"column":61}}],"line":30},"1":{"loc":{"start":{"line":41,"column":4},"end":{"line":43,"column":5}},"type":"if","locations":[{"start":{"line":41,"column":4},"end":{"line":43,"column":5}},{"start":{},"end":{}}],"line":41},"2":{"loc":{"start":{"line":49,"column":4},"end":{"line":53,"column":5}},"type":"if","locations":[{"start":{"line":49,"column":4},"end":{"line":53,"column":5}},{"start":{},"end":{}}],"line":49},"3":{"loc":{"start":{"line":66,"column":4},"end":{"line":69,"column":5}},"type":"if","locations":[{"start":{"line":66,"column":4},"end":{"line":69,"column":5}},{"start":{},"end":{}}],"line":66},"4":{"loc":{"start":{"line":81,"column":7},"end":{"line":84,"column":16}},"type":"binary-expr","locations":[{"start":{"line":81,"column":7},"end":{"line":81,"column":13}},{"start":{"line":82,"column":6},"end":{"line":84,"column":16}}],"line":81},"5":{"loc":{"start":{"line":86,"column":7},"end":{"line":89,"column":10}},"type":"binary-expr","locations":[{"start":{"line":86,"column":7},"end":{"line":86,"column":14}},{"start":{"line":87,"column":6},"end":{"line":89,"column":10}}],"line":86}},"s":{"0":1,"1":1,"2":1,"3":1,"4":1,"5":1,"6":2,"7":2,"8":1,"9":10,"10":1,"11":8,"12":8,"13":8,"14":1,"15":0,"16":1,"17":1,"18":8,"19":2,"20":0,"21":2,"22":2,"23":2,"24":2,"25":8,"26":1,"27":1,"28":1,"29":8,"30":2,"31":2,"32":2,"33":1,"34":1,"35":8,"36":1,"37":1,"38":2,"39":1,"40":8},"f":{"0":1,"1":1,"2":2,"3":2,"4":10,"5":8,"6":1,"7":0,"8":2,"9":0,"10":1,"11":2,"12":1,"13":1,"14":2,"15":1},"b":{"0":[0,10],"1":[1,0],"2":[2,0],"3":[1,1],"4":[8,5],"5":[8,5]},"_coverageSchema":"1a1c01bbd47fc00a2c39e90264f33305004495a9","hash":"8c1d69a908da92b81a071edc3c557135fbc8ed6d"}
}
