TN:
SF:src/PinCode.js
FN:17,(anonymous_0)
FN:20,(anonymous_1)
FN:23,(anonymous_2)
FN:26,(anonymous_3)
FN:29,(anonymous_4)
FN:35,(anonymous_5)
FN:39,(anonymous_6)
FN:40,(anonymous_7)
FN:47,(anonymous_8)
FN:48,(anonymous_9)
FN:57,(anonymous_10)
FN:63,(anonymous_11)
FN:73,(anonymous_12)
FN:74,(anonymous_13)
FN:75,(anonymous_14)
FN:76,(anonymous_15)
FNF:16
FNH:14
FNDA:1,(anonymous_0)
FNDA:1,(anonymous_1)
FNDA:2,(anonymous_2)
FNDA:2,(anonymous_3)
FNDA:10,(anonymous_4)
FNDA:8,(anonymous_5)
FNDA:1,(anonymous_6)
FNDA:0,(anonymous_7)
FNDA:2,(anonymous_8)
FNDA:0,(anonymous_9)
FNDA:1,(anonymous_10)
FNDA:2,(anonymous_11)
FNDA:1,(anonymous_12)
FNDA:1,(anonymous_13)
FNDA:2,(anonymous_14)
FNDA:1,(anonymous_15)
DA:8,1
DA:10,1
DA:17,1
DA:18,1
DA:20,1
DA:23,1
DA:24,2
DA:26,2
DA:29,1
DA:30,10
DA:35,1
DA:36,8
DA:37,8
DA:39,8
DA:40,1
DA:41,1
DA:42,1
DA:47,8
DA:48,2
DA:49,2
DA:50,2
DA:51,2
DA:52,2
DA:57,8
DA:58,1
DA:59,1
DA:60,1
DA:63,8
DA:64,2
DA:65,2
DA:66,2
DA:67,1
DA:68,1
DA:72,8
DA:73,1
DA:74,1
DA:75,2
DA:76,1
DA:79,8
LF:39
LH:39
BRDA:30,0,0,0
BRDA:30,0,1,10
BRDA:41,1,0,1
BRDA:41,1,1,0
BRDA:49,2,0,2
BRDA:49,2,1,0
BRDA:66,3,0,1
BRDA:66,3,1,1
BRDA:81,4,0,8
BRDA:81,4,1,5
BRDA:86,5,0,8
BRDA:86,5,1,5
BRF:12
BRH:9
end_of_record
